ARM GAS  C:\Users\EVGENY~1\AppData\Local\Temp\ccuQipCw.s 			page 1


   1              		.syntax unified
   2              		.cpu cortex-m3
   3              		.fpu softvfp
   4              		.eabi_attribute 20, 1
   5              		.eabi_attribute 21, 1
   6              		.eabi_attribute 23, 3
   7              		.eabi_attribute 24, 1
   8              		.eabi_attribute 25, 1
   9              		.eabi_attribute 26, 1
  10              		.eabi_attribute 30, 1
  11              		.eabi_attribute 34, 1
  12              		.eabi_attribute 18, 4
  13              		.thumb
  14              		.syntax unified
  15              		.file	"custom.c"
  16              		.text
  17              	.Ltext0:
  18              		.cfi_sections	.debug_frame
  19              		.section	.text.progEnd,"ax",%progbits
  20              		.align	2
  21              		.global	progEnd
  22              		.thumb
  23              		.thumb_func
  24              		.type	progEnd, %function
  25              	progEnd:
  26              	.LFB85:
  27              		.file 1 "custom.c"
   1:custom.c      **** /* ========================================
   2:custom.c      ****  *
   3:custom.c      ****  * Copyright YOUR COMPANY, THE YEAR
   4:custom.c      ****  * All Rights Reserved
   5:custom.c      ****  * UNPUBLISHED, LICENSED SOFTWARE.
   6:custom.c      ****  *
   7:custom.c      ****  * CONFIDENTIAL AND PROPRIETARY INFORMATION
   8:custom.c      ****  * WHICH IS THE PROPERTY OF your company.
   9:custom.c      ****  *
  10:custom.c      ****  * ========================================
  11:custom.c      **** */
  12:custom.c      **** 
  13:custom.c      **** 
  14:custom.c      **** #include <project.h>
  15:custom.c      **** #include <stdio.h>
  16:custom.c      **** #include "FreeRTOS.h"
  17:custom.c      **** #include "task.h"
  18:custom.c      **** #include "Motor.h"
  19:custom.c      **** #include "Ultra.h"
  20:custom.c      **** #include "Nunchuk.h"
  21:custom.c      **** #include "Reflectance.h"
  22:custom.c      **** #include "Gyro.h"
  23:custom.c      **** #include "Accel_magnet.h"
  24:custom.c      **** #include "LSM303D.h"
  25:custom.c      **** #include "IR.h"
  26:custom.c      **** #include "Beep.h"
  27:custom.c      **** #include "mqtt_sender.h"
  28:custom.c      **** #include <time.h>
  29:custom.c      **** #include <sys/time.h>
  30:custom.c      **** #include "serial1.h"
ARM GAS  C:\Users\EVGENY~1\AppData\Local\Temp\ccuQipCw.s 			page 2


  31:custom.c      **** #include <unistd.h>
  32:custom.c      **** 
  33:custom.c      **** 
  34:custom.c      **** 
  35:custom.c      **** void progEnd(uint32_t delay) {
  28              		.loc 1 35 0
  29              		.cfi_startproc
  30              		@ args = 0, pretend = 0, frame = 0
  31              		@ frame_needed = 0, uses_anonymous_args = 0
  32              	.LVL0:
  33 0000 38B5     		push	{r3, r4, r5, lr}
  34              		.cfi_def_cfa_offset 16
  35              		.cfi_offset 3, -16
  36              		.cfi_offset 4, -12
  37              		.cfi_offset 5, -8
  38              		.cfi_offset 14, -4
  39 0002 0546     		mov	r5, r0
  40              	.LVL1:
  36:custom.c      ****     bool led = false;
  41              		.loc 1 36 0
  42 0004 0024     		movs	r4, #0
  43              	.LVL2:
  44              	.L2:
  37:custom.c      ****     while(true){
  38:custom.c      ****      BatteryLed_Write(led^=1);
  45              		.loc 1 38 0 discriminator 1
  46 0006 84F00104 		eor	r4, r4, #1
  47              	.LVL3:
  48 000a 2046     		mov	r0, r4
  49 000c FFF7FEFF 		bl	BatteryLed_Write
  50              	.LVL4:
  39:custom.c      ****      vTaskDelay(delay);   
  51              		.loc 1 39 0 discriminator 1
  52 0010 2846     		mov	r0, r5
  53 0012 FFF7FEFF 		bl	vTaskDelay
  54              	.LVL5:
  55 0016 F6E7     		b	.L2
  56              		.cfi_endproc
  57              	.LFE85:
  58              		.size	progEnd, .-progEnd
  59              		.section	.text.tankTL,"ax",%progbits
  60              		.align	2
  61              		.global	tankTL
  62              		.thumb
  63              		.thumb_func
  64              		.type	tankTL, %function
  65              	tankTL:
  66              	.LFB86:
  40:custom.c      ****     }
  41:custom.c      **** }
  42:custom.c      **** void tankTL(uint8_t speed, uint32_t delay) {
  67              		.loc 1 42 0
  68              		.cfi_startproc
  69              		@ args = 0, pretend = 0, frame = 0
  70              		@ frame_needed = 0, uses_anonymous_args = 0
  71              	.LVL6:
  72 0000 00B5     		push	{lr}
ARM GAS  C:\Users\EVGENY~1\AppData\Local\Temp\ccuQipCw.s 			page 3


  73              		.cfi_def_cfa_offset 4
  74              		.cfi_offset 14, -4
  75 0002 83B0     		sub	sp, sp, #12
  76              		.cfi_def_cfa_offset 16
  77 0004 0246     		mov	r2, r0
  43:custom.c      ****     SetMotors(1, 0, speed, speed, delay);
  78              		.loc 1 43 0
  79 0006 0091     		str	r1, [sp]
  80 0008 0346     		mov	r3, r0
  81 000a 0021     		movs	r1, #0
  82              	.LVL7:
  83 000c 0120     		movs	r0, #1
  84              	.LVL8:
  85 000e FFF7FEFF 		bl	SetMotors
  86              	.LVL9:
  44:custom.c      **** }
  87              		.loc 1 44 0
  88 0012 03B0     		add	sp, sp, #12
  89              		.cfi_def_cfa_offset 4
  90              		@ sp needed
  91 0014 5DF804FB 		ldr	pc, [sp], #4
  92              		.cfi_endproc
  93              	.LFE86:
  94              		.size	tankTL, .-tankTL
  95              		.section	.text.tankTR,"ax",%progbits
  96              		.align	2
  97              		.global	tankTR
  98              		.thumb
  99              		.thumb_func
 100              		.type	tankTR, %function
 101              	tankTR:
 102              	.LFB87:
  45:custom.c      **** 
  46:custom.c      **** void tankTR(uint8_t speed, uint32_t delay) {
 103              		.loc 1 46 0
 104              		.cfi_startproc
 105              		@ args = 0, pretend = 0, frame = 0
 106              		@ frame_needed = 0, uses_anonymous_args = 0
 107              	.LVL10:
 108 0000 00B5     		push	{lr}
 109              		.cfi_def_cfa_offset 4
 110              		.cfi_offset 14, -4
 111 0002 83B0     		sub	sp, sp, #12
 112              		.cfi_def_cfa_offset 16
 113 0004 0246     		mov	r2, r0
  47:custom.c      ****     SetMotors(0, 1, speed, speed, delay);
 114              		.loc 1 47 0
 115 0006 0091     		str	r1, [sp]
 116 0008 0346     		mov	r3, r0
 117 000a 0121     		movs	r1, #1
 118              	.LVL11:
 119 000c 0020     		movs	r0, #0
 120              	.LVL12:
 121 000e FFF7FEFF 		bl	SetMotors
 122              	.LVL13:
  48:custom.c      **** }
 123              		.loc 1 48 0
ARM GAS  C:\Users\EVGENY~1\AppData\Local\Temp\ccuQipCw.s 			page 4


 124 0012 03B0     		add	sp, sp, #12
 125              		.cfi_def_cfa_offset 4
 126              		@ sp needed
 127 0014 5DF804FB 		ldr	pc, [sp], #4
 128              		.cfi_endproc
 129              	.LFE87:
 130              		.size	tankTR, .-tankTR
 131              		.section	.text.tankTurn,"ax",%progbits
 132              		.align	2
 133              		.global	tankTurn
 134              		.thumb
 135              		.thumb_func
 136              		.type	tankTurn, %function
 137              	tankTurn:
 138              	.LFB88:
  49:custom.c      **** 
  50:custom.c      **** void tankTurn(uint8 l_speed, uint8 r_speed, uint32 delay){
 139              		.loc 1 50 0
 140              		.cfi_startproc
 141              		@ args = 0, pretend = 0, frame = 0
 142              		@ frame_needed = 0, uses_anonymous_args = 0
 143              	.LVL14:
 144 0000 00B5     		push	{lr}
 145              		.cfi_def_cfa_offset 4
 146              		.cfi_offset 14, -4
 147 0002 83B0     		sub	sp, sp, #12
 148              		.cfi_def_cfa_offset 16
  51:custom.c      ****     SetMotors(0,0, l_speed, r_speed, delay);
 149              		.loc 1 51 0
 150 0004 0092     		str	r2, [sp]
 151 0006 0B46     		mov	r3, r1
 152 0008 0246     		mov	r2, r0
 153              	.LVL15:
 154 000a 0021     		movs	r1, #0
 155              	.LVL16:
 156 000c 0846     		mov	r0, r1
 157              	.LVL17:
 158 000e FFF7FEFF 		bl	SetMotors
 159              	.LVL18:
  52:custom.c      **** }
 160              		.loc 1 52 0
 161 0012 03B0     		add	sp, sp, #12
 162              		.cfi_def_cfa_offset 4
 163              		@ sp needed
 164 0014 5DF804FB 		ldr	pc, [sp], #4
 165              		.cfi_endproc
 166              	.LFE88:
 167              		.size	tankTurn, .-tankTurn
 168              		.text
 169              	.Letext0:
 170              		.file 2 "c:\\program files (x86)\\cypress\\psoc creator\\4.2\\psoc creator\\import\\gnu\\arm\\5.4.
 171              		.file 3 "c:\\program files (x86)\\cypress\\psoc creator\\4.2\\psoc creator\\import\\gnu\\arm\\5.4.
 172              		.file 4 "Generated_Source\\PSoC5/cytypes.h"
 173              		.file 5 "Generated_Source\\PSoC5/BatteryLed.h"
 174              		.file 6 "..\\FreeRTOS\\Source\\include/task.h"
 175              		.file 7 ".\\ZumoLibrary/Motor.h"
 176              		.file 8 "Generated_Source\\PSoC5/core_cm3.h"
ARM GAS  C:\Users\EVGENY~1\AppData\Local\Temp\ccuQipCw.s 			page 5


 177              		.section	.debug_info,"",%progbits
 178              	.Ldebug_info0:
 179 0000 76020000 		.4byte	0x276
 180 0004 0400     		.2byte	0x4
 181 0006 00000000 		.4byte	.Ldebug_abbrev0
 182 000a 04       		.byte	0x4
 183 000b 01       		.uleb128 0x1
 184 000c 97000000 		.4byte	.LASF33
 185 0010 0C       		.byte	0xc
 186 0011 18000000 		.4byte	.LASF34
 187 0015 2B000000 		.4byte	.LASF35
 188 0019 00000000 		.4byte	.Ldebug_ranges0+0
 189 001d 00000000 		.4byte	0
 190 0021 00000000 		.4byte	.Ldebug_line0
 191 0025 02       		.uleb128 0x2
 192 0026 01       		.byte	0x1
 193 0027 06       		.byte	0x6
 194 0028 2B020000 		.4byte	.LASF0
 195 002c 03       		.uleb128 0x3
 196 002d 0E000000 		.4byte	.LASF4
 197 0031 02       		.byte	0x2
 198 0032 1D       		.byte	0x1d
 199 0033 37000000 		.4byte	0x37
 200 0037 02       		.uleb128 0x2
 201 0038 01       		.byte	0x1
 202 0039 08       		.byte	0x8
 203 003a 89000000 		.4byte	.LASF1
 204 003e 02       		.uleb128 0x2
 205 003f 02       		.byte	0x2
 206 0040 05       		.byte	0x5
 207 0041 F0010000 		.4byte	.LASF2
 208 0045 02       		.uleb128 0x2
 209 0046 02       		.byte	0x2
 210 0047 07       		.byte	0x7
 211 0048 37010000 		.4byte	.LASF3
 212 004c 03       		.uleb128 0x3
 213 004d 21000000 		.4byte	.LASF5
 214 0051 02       		.byte	0x2
 215 0052 3F       		.byte	0x3f
 216 0053 57000000 		.4byte	0x57
 217 0057 02       		.uleb128 0x2
 218 0058 04       		.byte	0x4
 219 0059 05       		.byte	0x5
 220 005a 10020000 		.4byte	.LASF6
 221 005e 03       		.uleb128 0x3
 222 005f 73010000 		.4byte	.LASF7
 223 0063 02       		.byte	0x2
 224 0064 41       		.byte	0x41
 225 0065 69000000 		.4byte	0x69
 226 0069 02       		.uleb128 0x2
 227 006a 04       		.byte	0x4
 228 006b 07       		.byte	0x7
 229 006c 25010000 		.4byte	.LASF8
 230 0070 02       		.uleb128 0x2
 231 0071 08       		.byte	0x8
 232 0072 05       		.byte	0x5
 233 0073 00000000 		.4byte	.LASF9
ARM GAS  C:\Users\EVGENY~1\AppData\Local\Temp\ccuQipCw.s 			page 6


 234 0077 02       		.uleb128 0x2
 235 0078 08       		.byte	0x8
 236 0079 07       		.byte	0x7
 237 007a 9A010000 		.4byte	.LASF10
 238 007e 04       		.uleb128 0x4
 239 007f 04       		.byte	0x4
 240 0080 05       		.byte	0x5
 241 0081 696E7400 		.ascii	"int\000"
 242 0085 02       		.uleb128 0x2
 243 0086 04       		.byte	0x4
 244 0087 07       		.byte	0x7
 245 0088 85010000 		.4byte	.LASF11
 246 008c 03       		.uleb128 0x3
 247 008d B1010000 		.4byte	.LASF12
 248 0091 03       		.byte	0x3
 249 0092 18       		.byte	0x18
 250 0093 2C000000 		.4byte	0x2c
 251 0097 03       		.uleb128 0x3
 252 0098 75000000 		.4byte	.LASF13
 253 009c 03       		.byte	0x3
 254 009d 2C       		.byte	0x2c
 255 009e 4C000000 		.4byte	0x4c
 256 00a2 03       		.uleb128 0x3
 257 00a3 07020000 		.4byte	.LASF14
 258 00a7 03       		.byte	0x3
 259 00a8 30       		.byte	0x30
 260 00a9 5E000000 		.4byte	0x5e
 261 00ad 05       		.uleb128 0x5
 262 00ae FA010000 		.4byte	.LASF15
 263 00b2 04       		.byte	0x4
 264 00b3 E401     		.2byte	0x1e4
 265 00b5 37000000 		.4byte	0x37
 266 00b9 05       		.uleb128 0x5
 267 00ba 7E010000 		.4byte	.LASF16
 268 00be 04       		.byte	0x4
 269 00bf E601     		.2byte	0x1e6
 270 00c1 69000000 		.4byte	0x69
 271 00c5 02       		.uleb128 0x2
 272 00c6 04       		.byte	0x4
 273 00c7 04       		.byte	0x4
 274 00c8 7D000000 		.4byte	.LASF17
 275 00cc 02       		.uleb128 0x2
 276 00cd 08       		.byte	0x8
 277 00ce 04       		.byte	0x4
 278 00cf 60010000 		.4byte	.LASF18
 279 00d3 02       		.uleb128 0x2
 280 00d4 01       		.byte	0x1
 281 00d5 08       		.byte	0x8
 282 00d6 EB010000 		.4byte	.LASF19
 283 00da 02       		.uleb128 0x2
 284 00db 08       		.byte	0x8
 285 00dc 04       		.byte	0x4
 286 00dd 67010000 		.4byte	.LASF20
 287 00e1 02       		.uleb128 0x2
 288 00e2 04       		.byte	0x4
 289 00e3 07       		.byte	0x7
 290 00e4 C9010000 		.4byte	.LASF21
ARM GAS  C:\Users\EVGENY~1\AppData\Local\Temp\ccuQipCw.s 			page 7


 291 00e8 06       		.uleb128 0x6
 292 00e9 D2010000 		.4byte	.LASF36
 293 00ed 01       		.byte	0x1
 294 00ee 23       		.byte	0x23
 295 00ef 00000000 		.4byte	.LFB85
 296 00f3 18000000 		.4byte	.LFE85-.LFB85
 297 00f7 01       		.uleb128 0x1
 298 00f8 9C       		.byte	0x9c
 299 00f9 40010000 		.4byte	0x140
 300 00fd 07       		.uleb128 0x7
 301 00fe 83000000 		.4byte	.LASF23
 302 0102 01       		.byte	0x1
 303 0103 23       		.byte	0x23
 304 0104 A2000000 		.4byte	0xa2
 305 0108 00000000 		.4byte	.LLST0
 306 010c 08       		.uleb128 0x8
 307 010d 6C656400 		.ascii	"led\000"
 308 0111 01       		.byte	0x1
 309 0112 24       		.byte	0x24
 310 0113 40010000 		.4byte	0x140
 311 0117 1E000000 		.4byte	.LLST1
 312 011b 09       		.uleb128 0x9
 313 011c 10000000 		.4byte	.LVL4
 314 0120 57020000 		.4byte	0x257
 315 0124 2F010000 		.4byte	0x12f
 316 0128 0A       		.uleb128 0xa
 317 0129 01       		.uleb128 0x1
 318 012a 50       		.byte	0x50
 319 012b 02       		.uleb128 0x2
 320 012c 74       		.byte	0x74
 321 012d 00       		.sleb128 0
 322 012e 00       		.byte	0
 323 012f 0B       		.uleb128 0xb
 324 0130 16000000 		.4byte	.LVL5
 325 0134 62020000 		.4byte	0x262
 326 0138 0A       		.uleb128 0xa
 327 0139 01       		.uleb128 0x1
 328 013a 50       		.byte	0x50
 329 013b 02       		.uleb128 0x2
 330 013c 75       		.byte	0x75
 331 013d 00       		.sleb128 0
 332 013e 00       		.byte	0
 333 013f 00       		.byte	0
 334 0140 02       		.uleb128 0x2
 335 0141 01       		.byte	0x1
 336 0142 02       		.byte	0x2
 337 0143 3F020000 		.4byte	.LASF22
 338 0147 0C       		.uleb128 0xc
 339 0148 00020000 		.4byte	.LASF25
 340 014c 01       		.byte	0x1
 341 014d 2A       		.byte	0x2a
 342 014e 00000000 		.4byte	.LFB86
 343 0152 18000000 		.4byte	.LFE86-.LFB86
 344 0156 01       		.uleb128 0x1
 345 0157 9C       		.byte	0x9c
 346 0158 97010000 		.4byte	0x197
 347 015c 07       		.uleb128 0x7
ARM GAS  C:\Users\EVGENY~1\AppData\Local\Temp\ccuQipCw.s 			page 8


 348 015d C3010000 		.4byte	.LASF24
 349 0161 01       		.byte	0x1
 350 0162 2A       		.byte	0x2a
 351 0163 8C000000 		.4byte	0x8c
 352 0167 3D000000 		.4byte	.LLST2
 353 016b 07       		.uleb128 0x7
 354 016c 83000000 		.4byte	.LASF23
 355 0170 01       		.byte	0x1
 356 0171 2A       		.byte	0x2a
 357 0172 A2000000 		.4byte	0xa2
 358 0176 5E000000 		.4byte	.LLST3
 359 017a 0B       		.uleb128 0xb
 360 017b 12000000 		.4byte	.LVL9
 361 017f 6E020000 		.4byte	0x26e
 362 0183 0A       		.uleb128 0xa
 363 0184 01       		.uleb128 0x1
 364 0185 50       		.byte	0x50
 365 0186 01       		.uleb128 0x1
 366 0187 31       		.byte	0x31
 367 0188 0A       		.uleb128 0xa
 368 0189 01       		.uleb128 0x1
 369 018a 51       		.byte	0x51
 370 018b 01       		.uleb128 0x1
 371 018c 30       		.byte	0x30
 372 018d 0A       		.uleb128 0xa
 373 018e 02       		.uleb128 0x2
 374 018f 7D       		.byte	0x7d
 375 0190 00       		.sleb128 0
 376 0191 03       		.uleb128 0x3
 377 0192 F3       		.byte	0xf3
 378 0193 01       		.uleb128 0x1
 379 0194 51       		.byte	0x51
 380 0195 00       		.byte	0
 381 0196 00       		.byte	0
 382 0197 0C       		.uleb128 0xc
 383 0198 24020000 		.4byte	.LASF26
 384 019c 01       		.byte	0x1
 385 019d 2E       		.byte	0x2e
 386 019e 00000000 		.4byte	.LFB87
 387 01a2 18000000 		.4byte	.LFE87-.LFB87
 388 01a6 01       		.uleb128 0x1
 389 01a7 9C       		.byte	0x9c
 390 01a8 E7010000 		.4byte	0x1e7
 391 01ac 07       		.uleb128 0x7
 392 01ad C3010000 		.4byte	.LASF24
 393 01b1 01       		.byte	0x1
 394 01b2 2E       		.byte	0x2e
 395 01b3 8C000000 		.4byte	0x8c
 396 01b7 8B000000 		.4byte	.LLST4
 397 01bb 07       		.uleb128 0x7
 398 01bc 83000000 		.4byte	.LASF23
 399 01c0 01       		.byte	0x1
 400 01c1 2E       		.byte	0x2e
 401 01c2 A2000000 		.4byte	0xa2
 402 01c6 AC000000 		.4byte	.LLST5
 403 01ca 0B       		.uleb128 0xb
 404 01cb 12000000 		.4byte	.LVL13
ARM GAS  C:\Users\EVGENY~1\AppData\Local\Temp\ccuQipCw.s 			page 9


 405 01cf 6E020000 		.4byte	0x26e
 406 01d3 0A       		.uleb128 0xa
 407 01d4 01       		.uleb128 0x1
 408 01d5 50       		.byte	0x50
 409 01d6 01       		.uleb128 0x1
 410 01d7 30       		.byte	0x30
 411 01d8 0A       		.uleb128 0xa
 412 01d9 01       		.uleb128 0x1
 413 01da 51       		.byte	0x51
 414 01db 01       		.uleb128 0x1
 415 01dc 31       		.byte	0x31
 416 01dd 0A       		.uleb128 0xa
 417 01de 02       		.uleb128 0x2
 418 01df 7D       		.byte	0x7d
 419 01e0 00       		.sleb128 0
 420 01e1 03       		.uleb128 0x3
 421 01e2 F3       		.byte	0xf3
 422 01e3 01       		.uleb128 0x1
 423 01e4 51       		.byte	0x51
 424 01e5 00       		.byte	0
 425 01e6 00       		.byte	0
 426 01e7 0C       		.uleb128 0xc
 427 01e8 57010000 		.4byte	.LASF27
 428 01ec 01       		.byte	0x1
 429 01ed 32       		.byte	0x32
 430 01ee 00000000 		.4byte	.LFB88
 431 01f2 18000000 		.4byte	.LFE88-.LFB88
 432 01f6 01       		.uleb128 0x1
 433 01f7 9C       		.byte	0x9c
 434 01f8 46020000 		.4byte	0x246
 435 01fc 07       		.uleb128 0x7
 436 01fd 92010000 		.4byte	.LASF28
 437 0201 01       		.byte	0x1
 438 0202 32       		.byte	0x32
 439 0203 AD000000 		.4byte	0xad
 440 0207 D9000000 		.4byte	.LLST6
 441 020b 07       		.uleb128 0x7
 442 020c 37020000 		.4byte	.LASF29
 443 0210 01       		.byte	0x1
 444 0211 32       		.byte	0x32
 445 0212 AD000000 		.4byte	0xad
 446 0216 FA000000 		.4byte	.LLST7
 447 021a 07       		.uleb128 0x7
 448 021b 83000000 		.4byte	.LASF23
 449 021f 01       		.byte	0x1
 450 0220 32       		.byte	0x32
 451 0221 B9000000 		.4byte	0xb9
 452 0225 1B010000 		.4byte	.LLST8
 453 0229 0B       		.uleb128 0xb
 454 022a 12000000 		.4byte	.LVL18
 455 022e 6E020000 		.4byte	0x26e
 456 0232 0A       		.uleb128 0xa
 457 0233 01       		.uleb128 0x1
 458 0234 50       		.byte	0x50
 459 0235 01       		.uleb128 0x1
 460 0236 30       		.byte	0x30
 461 0237 0A       		.uleb128 0xa
ARM GAS  C:\Users\EVGENY~1\AppData\Local\Temp\ccuQipCw.s 			page 10


 462 0238 01       		.uleb128 0x1
 463 0239 51       		.byte	0x51
 464 023a 01       		.uleb128 0x1
 465 023b 30       		.byte	0x30
 466 023c 0A       		.uleb128 0xa
 467 023d 02       		.uleb128 0x2
 468 023e 7D       		.byte	0x7d
 469 023f 00       		.sleb128 0
 470 0240 03       		.uleb128 0x3
 471 0241 F3       		.byte	0xf3
 472 0242 01       		.uleb128 0x1
 473 0243 52       		.byte	0x52
 474 0244 00       		.byte	0
 475 0245 00       		.byte	0
 476 0246 0D       		.uleb128 0xd
 477 0247 4A010000 		.4byte	.LASF37
 478 024b 08       		.byte	0x8
 479 024c 1207     		.2byte	0x712
 480 024e 52020000 		.4byte	0x252
 481 0252 0E       		.uleb128 0xe
 482 0253 97000000 		.4byte	0x97
 483 0257 0F       		.uleb128 0xf
 484 0258 DA010000 		.4byte	.LASF30
 485 025c DA010000 		.4byte	.LASF30
 486 0260 05       		.byte	0x5
 487 0261 26       		.byte	0x26
 488 0262 10       		.uleb128 0x10
 489 0263 19020000 		.4byte	.LASF31
 490 0267 19020000 		.4byte	.LASF31
 491 026b 06       		.byte	0x6
 492 026c ED02     		.2byte	0x2ed
 493 026e 0F       		.uleb128 0xf
 494 026f B9010000 		.4byte	.LASF32
 495 0273 B9010000 		.4byte	.LASF32
 496 0277 07       		.byte	0x7
 497 0278 18       		.byte	0x18
 498 0279 00       		.byte	0
 499              		.section	.debug_abbrev,"",%progbits
 500              	.Ldebug_abbrev0:
 501 0000 01       		.uleb128 0x1
 502 0001 11       		.uleb128 0x11
 503 0002 01       		.byte	0x1
 504 0003 25       		.uleb128 0x25
 505 0004 0E       		.uleb128 0xe
 506 0005 13       		.uleb128 0x13
 507 0006 0B       		.uleb128 0xb
 508 0007 03       		.uleb128 0x3
 509 0008 0E       		.uleb128 0xe
 510 0009 1B       		.uleb128 0x1b
 511 000a 0E       		.uleb128 0xe
 512 000b 55       		.uleb128 0x55
 513 000c 17       		.uleb128 0x17
 514 000d 11       		.uleb128 0x11
 515 000e 01       		.uleb128 0x1
 516 000f 10       		.uleb128 0x10
 517 0010 17       		.uleb128 0x17
 518 0011 00       		.byte	0
ARM GAS  C:\Users\EVGENY~1\AppData\Local\Temp\ccuQipCw.s 			page 11


 519 0012 00       		.byte	0
 520 0013 02       		.uleb128 0x2
 521 0014 24       		.uleb128 0x24
 522 0015 00       		.byte	0
 523 0016 0B       		.uleb128 0xb
 524 0017 0B       		.uleb128 0xb
 525 0018 3E       		.uleb128 0x3e
 526 0019 0B       		.uleb128 0xb
 527 001a 03       		.uleb128 0x3
 528 001b 0E       		.uleb128 0xe
 529 001c 00       		.byte	0
 530 001d 00       		.byte	0
 531 001e 03       		.uleb128 0x3
 532 001f 16       		.uleb128 0x16
 533 0020 00       		.byte	0
 534 0021 03       		.uleb128 0x3
 535 0022 0E       		.uleb128 0xe
 536 0023 3A       		.uleb128 0x3a
 537 0024 0B       		.uleb128 0xb
 538 0025 3B       		.uleb128 0x3b
 539 0026 0B       		.uleb128 0xb
 540 0027 49       		.uleb128 0x49
 541 0028 13       		.uleb128 0x13
 542 0029 00       		.byte	0
 543 002a 00       		.byte	0
 544 002b 04       		.uleb128 0x4
 545 002c 24       		.uleb128 0x24
 546 002d 00       		.byte	0
 547 002e 0B       		.uleb128 0xb
 548 002f 0B       		.uleb128 0xb
 549 0030 3E       		.uleb128 0x3e
 550 0031 0B       		.uleb128 0xb
 551 0032 03       		.uleb128 0x3
 552 0033 08       		.uleb128 0x8
 553 0034 00       		.byte	0
 554 0035 00       		.byte	0
 555 0036 05       		.uleb128 0x5
 556 0037 16       		.uleb128 0x16
 557 0038 00       		.byte	0
 558 0039 03       		.uleb128 0x3
 559 003a 0E       		.uleb128 0xe
 560 003b 3A       		.uleb128 0x3a
 561 003c 0B       		.uleb128 0xb
 562 003d 3B       		.uleb128 0x3b
 563 003e 05       		.uleb128 0x5
 564 003f 49       		.uleb128 0x49
 565 0040 13       		.uleb128 0x13
 566 0041 00       		.byte	0
 567 0042 00       		.byte	0
 568 0043 06       		.uleb128 0x6
 569 0044 2E       		.uleb128 0x2e
 570 0045 01       		.byte	0x1
 571 0046 3F       		.uleb128 0x3f
 572 0047 19       		.uleb128 0x19
 573 0048 03       		.uleb128 0x3
 574 0049 0E       		.uleb128 0xe
 575 004a 3A       		.uleb128 0x3a
ARM GAS  C:\Users\EVGENY~1\AppData\Local\Temp\ccuQipCw.s 			page 12


 576 004b 0B       		.uleb128 0xb
 577 004c 3B       		.uleb128 0x3b
 578 004d 0B       		.uleb128 0xb
 579 004e 27       		.uleb128 0x27
 580 004f 19       		.uleb128 0x19
 581 0050 8701     		.uleb128 0x87
 582 0052 19       		.uleb128 0x19
 583 0053 11       		.uleb128 0x11
 584 0054 01       		.uleb128 0x1
 585 0055 12       		.uleb128 0x12
 586 0056 06       		.uleb128 0x6
 587 0057 40       		.uleb128 0x40
 588 0058 18       		.uleb128 0x18
 589 0059 9742     		.uleb128 0x2117
 590 005b 19       		.uleb128 0x19
 591 005c 01       		.uleb128 0x1
 592 005d 13       		.uleb128 0x13
 593 005e 00       		.byte	0
 594 005f 00       		.byte	0
 595 0060 07       		.uleb128 0x7
 596 0061 05       		.uleb128 0x5
 597 0062 00       		.byte	0
 598 0063 03       		.uleb128 0x3
 599 0064 0E       		.uleb128 0xe
 600 0065 3A       		.uleb128 0x3a
 601 0066 0B       		.uleb128 0xb
 602 0067 3B       		.uleb128 0x3b
 603 0068 0B       		.uleb128 0xb
 604 0069 49       		.uleb128 0x49
 605 006a 13       		.uleb128 0x13
 606 006b 02       		.uleb128 0x2
 607 006c 17       		.uleb128 0x17
 608 006d 00       		.byte	0
 609 006e 00       		.byte	0
 610 006f 08       		.uleb128 0x8
 611 0070 34       		.uleb128 0x34
 612 0071 00       		.byte	0
 613 0072 03       		.uleb128 0x3
 614 0073 08       		.uleb128 0x8
 615 0074 3A       		.uleb128 0x3a
 616 0075 0B       		.uleb128 0xb
 617 0076 3B       		.uleb128 0x3b
 618 0077 0B       		.uleb128 0xb
 619 0078 49       		.uleb128 0x49
 620 0079 13       		.uleb128 0x13
 621 007a 02       		.uleb128 0x2
 622 007b 17       		.uleb128 0x17
 623 007c 00       		.byte	0
 624 007d 00       		.byte	0
 625 007e 09       		.uleb128 0x9
 626 007f 898201   		.uleb128 0x4109
 627 0082 01       		.byte	0x1
 628 0083 11       		.uleb128 0x11
 629 0084 01       		.uleb128 0x1
 630 0085 31       		.uleb128 0x31
 631 0086 13       		.uleb128 0x13
 632 0087 01       		.uleb128 0x1
ARM GAS  C:\Users\EVGENY~1\AppData\Local\Temp\ccuQipCw.s 			page 13


 633 0088 13       		.uleb128 0x13
 634 0089 00       		.byte	0
 635 008a 00       		.byte	0
 636 008b 0A       		.uleb128 0xa
 637 008c 8A8201   		.uleb128 0x410a
 638 008f 00       		.byte	0
 639 0090 02       		.uleb128 0x2
 640 0091 18       		.uleb128 0x18
 641 0092 9142     		.uleb128 0x2111
 642 0094 18       		.uleb128 0x18
 643 0095 00       		.byte	0
 644 0096 00       		.byte	0
 645 0097 0B       		.uleb128 0xb
 646 0098 898201   		.uleb128 0x4109
 647 009b 01       		.byte	0x1
 648 009c 11       		.uleb128 0x11
 649 009d 01       		.uleb128 0x1
 650 009e 31       		.uleb128 0x31
 651 009f 13       		.uleb128 0x13
 652 00a0 00       		.byte	0
 653 00a1 00       		.byte	0
 654 00a2 0C       		.uleb128 0xc
 655 00a3 2E       		.uleb128 0x2e
 656 00a4 01       		.byte	0x1
 657 00a5 3F       		.uleb128 0x3f
 658 00a6 19       		.uleb128 0x19
 659 00a7 03       		.uleb128 0x3
 660 00a8 0E       		.uleb128 0xe
 661 00a9 3A       		.uleb128 0x3a
 662 00aa 0B       		.uleb128 0xb
 663 00ab 3B       		.uleb128 0x3b
 664 00ac 0B       		.uleb128 0xb
 665 00ad 27       		.uleb128 0x27
 666 00ae 19       		.uleb128 0x19
 667 00af 11       		.uleb128 0x11
 668 00b0 01       		.uleb128 0x1
 669 00b1 12       		.uleb128 0x12
 670 00b2 06       		.uleb128 0x6
 671 00b3 40       		.uleb128 0x40
 672 00b4 18       		.uleb128 0x18
 673 00b5 9742     		.uleb128 0x2117
 674 00b7 19       		.uleb128 0x19
 675 00b8 01       		.uleb128 0x1
 676 00b9 13       		.uleb128 0x13
 677 00ba 00       		.byte	0
 678 00bb 00       		.byte	0
 679 00bc 0D       		.uleb128 0xd
 680 00bd 34       		.uleb128 0x34
 681 00be 00       		.byte	0
 682 00bf 03       		.uleb128 0x3
 683 00c0 0E       		.uleb128 0xe
 684 00c1 3A       		.uleb128 0x3a
 685 00c2 0B       		.uleb128 0xb
 686 00c3 3B       		.uleb128 0x3b
 687 00c4 05       		.uleb128 0x5
 688 00c5 49       		.uleb128 0x49
 689 00c6 13       		.uleb128 0x13
ARM GAS  C:\Users\EVGENY~1\AppData\Local\Temp\ccuQipCw.s 			page 14


 690 00c7 3F       		.uleb128 0x3f
 691 00c8 19       		.uleb128 0x19
 692 00c9 3C       		.uleb128 0x3c
 693 00ca 19       		.uleb128 0x19
 694 00cb 00       		.byte	0
 695 00cc 00       		.byte	0
 696 00cd 0E       		.uleb128 0xe
 697 00ce 35       		.uleb128 0x35
 698 00cf 00       		.byte	0
 699 00d0 49       		.uleb128 0x49
 700 00d1 13       		.uleb128 0x13
 701 00d2 00       		.byte	0
 702 00d3 00       		.byte	0
 703 00d4 0F       		.uleb128 0xf
 704 00d5 2E       		.uleb128 0x2e
 705 00d6 00       		.byte	0
 706 00d7 3F       		.uleb128 0x3f
 707 00d8 19       		.uleb128 0x19
 708 00d9 3C       		.uleb128 0x3c
 709 00da 19       		.uleb128 0x19
 710 00db 6E       		.uleb128 0x6e
 711 00dc 0E       		.uleb128 0xe
 712 00dd 03       		.uleb128 0x3
 713 00de 0E       		.uleb128 0xe
 714 00df 3A       		.uleb128 0x3a
 715 00e0 0B       		.uleb128 0xb
 716 00e1 3B       		.uleb128 0x3b
 717 00e2 0B       		.uleb128 0xb
 718 00e3 00       		.byte	0
 719 00e4 00       		.byte	0
 720 00e5 10       		.uleb128 0x10
 721 00e6 2E       		.uleb128 0x2e
 722 00e7 00       		.byte	0
 723 00e8 3F       		.uleb128 0x3f
 724 00e9 19       		.uleb128 0x19
 725 00ea 3C       		.uleb128 0x3c
 726 00eb 19       		.uleb128 0x19
 727 00ec 6E       		.uleb128 0x6e
 728 00ed 0E       		.uleb128 0xe
 729 00ee 03       		.uleb128 0x3
 730 00ef 0E       		.uleb128 0xe
 731 00f0 3A       		.uleb128 0x3a
 732 00f1 0B       		.uleb128 0xb
 733 00f2 3B       		.uleb128 0x3b
 734 00f3 05       		.uleb128 0x5
 735 00f4 00       		.byte	0
 736 00f5 00       		.byte	0
 737 00f6 00       		.byte	0
 738              		.section	.debug_loc,"",%progbits
 739              	.Ldebug_loc0:
 740              	.LLST0:
 741 0000 00000000 		.4byte	.LVL0
 742 0004 06000000 		.4byte	.LVL2
 743 0008 0100     		.2byte	0x1
 744 000a 50       		.byte	0x50
 745 000b 06000000 		.4byte	.LVL2
 746 000f 18000000 		.4byte	.LFE85
ARM GAS  C:\Users\EVGENY~1\AppData\Local\Temp\ccuQipCw.s 			page 15


 747 0013 0100     		.2byte	0x1
 748 0015 55       		.byte	0x55
 749 0016 00000000 		.4byte	0
 750 001a 00000000 		.4byte	0
 751              	.LLST1:
 752 001e 04000000 		.4byte	.LVL1
 753 0022 06000000 		.4byte	.LVL2
 754 0026 0200     		.2byte	0x2
 755 0028 30       		.byte	0x30
 756 0029 9F       		.byte	0x9f
 757 002a 06000000 		.4byte	.LVL2
 758 002e 18000000 		.4byte	.LFE85
 759 0032 0100     		.2byte	0x1
 760 0034 54       		.byte	0x54
 761 0035 00000000 		.4byte	0
 762 0039 00000000 		.4byte	0
 763              	.LLST2:
 764 003d 00000000 		.4byte	.LVL6
 765 0041 0E000000 		.4byte	.LVL8
 766 0045 0100     		.2byte	0x1
 767 0047 50       		.byte	0x50
 768 0048 0E000000 		.4byte	.LVL8
 769 004c 18000000 		.4byte	.LFE86
 770 0050 0400     		.2byte	0x4
 771 0052 F3       		.byte	0xf3
 772 0053 01       		.uleb128 0x1
 773 0054 50       		.byte	0x50
 774 0055 9F       		.byte	0x9f
 775 0056 00000000 		.4byte	0
 776 005a 00000000 		.4byte	0
 777              	.LLST3:
 778 005e 00000000 		.4byte	.LVL6
 779 0062 0C000000 		.4byte	.LVL7
 780 0066 0100     		.2byte	0x1
 781 0068 51       		.byte	0x51
 782 0069 0C000000 		.4byte	.LVL7
 783 006d 11000000 		.4byte	.LVL9-1
 784 0071 0200     		.2byte	0x2
 785 0073 7D       		.byte	0x7d
 786 0074 00       		.sleb128 0
 787 0075 11000000 		.4byte	.LVL9-1
 788 0079 18000000 		.4byte	.LFE86
 789 007d 0400     		.2byte	0x4
 790 007f F3       		.byte	0xf3
 791 0080 01       		.uleb128 0x1
 792 0081 51       		.byte	0x51
 793 0082 9F       		.byte	0x9f
 794 0083 00000000 		.4byte	0
 795 0087 00000000 		.4byte	0
 796              	.LLST4:
 797 008b 00000000 		.4byte	.LVL10
 798 008f 0E000000 		.4byte	.LVL12
 799 0093 0100     		.2byte	0x1
 800 0095 50       		.byte	0x50
 801 0096 0E000000 		.4byte	.LVL12
 802 009a 18000000 		.4byte	.LFE87
 803 009e 0400     		.2byte	0x4
ARM GAS  C:\Users\EVGENY~1\AppData\Local\Temp\ccuQipCw.s 			page 16


 804 00a0 F3       		.byte	0xf3
 805 00a1 01       		.uleb128 0x1
 806 00a2 50       		.byte	0x50
 807 00a3 9F       		.byte	0x9f
 808 00a4 00000000 		.4byte	0
 809 00a8 00000000 		.4byte	0
 810              	.LLST5:
 811 00ac 00000000 		.4byte	.LVL10
 812 00b0 0C000000 		.4byte	.LVL11
 813 00b4 0100     		.2byte	0x1
 814 00b6 51       		.byte	0x51
 815 00b7 0C000000 		.4byte	.LVL11
 816 00bb 11000000 		.4byte	.LVL13-1
 817 00bf 0200     		.2byte	0x2
 818 00c1 7D       		.byte	0x7d
 819 00c2 00       		.sleb128 0
 820 00c3 11000000 		.4byte	.LVL13-1
 821 00c7 18000000 		.4byte	.LFE87
 822 00cb 0400     		.2byte	0x4
 823 00cd F3       		.byte	0xf3
 824 00ce 01       		.uleb128 0x1
 825 00cf 51       		.byte	0x51
 826 00d0 9F       		.byte	0x9f
 827 00d1 00000000 		.4byte	0
 828 00d5 00000000 		.4byte	0
 829              	.LLST6:
 830 00d9 00000000 		.4byte	.LVL14
 831 00dd 0E000000 		.4byte	.LVL17
 832 00e1 0100     		.2byte	0x1
 833 00e3 50       		.byte	0x50
 834 00e4 0E000000 		.4byte	.LVL17
 835 00e8 18000000 		.4byte	.LFE88
 836 00ec 0400     		.2byte	0x4
 837 00ee F3       		.byte	0xf3
 838 00ef 01       		.uleb128 0x1
 839 00f0 50       		.byte	0x50
 840 00f1 9F       		.byte	0x9f
 841 00f2 00000000 		.4byte	0
 842 00f6 00000000 		.4byte	0
 843              	.LLST7:
 844 00fa 00000000 		.4byte	.LVL14
 845 00fe 0C000000 		.4byte	.LVL16
 846 0102 0100     		.2byte	0x1
 847 0104 51       		.byte	0x51
 848 0105 0C000000 		.4byte	.LVL16
 849 0109 18000000 		.4byte	.LFE88
 850 010d 0400     		.2byte	0x4
 851 010f F3       		.byte	0xf3
 852 0110 01       		.uleb128 0x1
 853 0111 51       		.byte	0x51
 854 0112 9F       		.byte	0x9f
 855 0113 00000000 		.4byte	0
 856 0117 00000000 		.4byte	0
 857              	.LLST8:
 858 011b 00000000 		.4byte	.LVL14
 859 011f 0A000000 		.4byte	.LVL15
 860 0123 0100     		.2byte	0x1
ARM GAS  C:\Users\EVGENY~1\AppData\Local\Temp\ccuQipCw.s 			page 17


 861 0125 52       		.byte	0x52
 862 0126 0A000000 		.4byte	.LVL15
 863 012a 11000000 		.4byte	.LVL18-1
 864 012e 0200     		.2byte	0x2
 865 0130 7D       		.byte	0x7d
 866 0131 00       		.sleb128 0
 867 0132 11000000 		.4byte	.LVL18-1
 868 0136 18000000 		.4byte	.LFE88
 869 013a 0400     		.2byte	0x4
 870 013c F3       		.byte	0xf3
 871 013d 01       		.uleb128 0x1
 872 013e 52       		.byte	0x52
 873 013f 9F       		.byte	0x9f
 874 0140 00000000 		.4byte	0
 875 0144 00000000 		.4byte	0
 876              		.section	.debug_aranges,"",%progbits
 877 0000 34000000 		.4byte	0x34
 878 0004 0200     		.2byte	0x2
 879 0006 00000000 		.4byte	.Ldebug_info0
 880 000a 04       		.byte	0x4
 881 000b 00       		.byte	0
 882 000c 0000     		.2byte	0
 883 000e 0000     		.2byte	0
 884 0010 00000000 		.4byte	.LFB85
 885 0014 18000000 		.4byte	.LFE85-.LFB85
 886 0018 00000000 		.4byte	.LFB86
 887 001c 18000000 		.4byte	.LFE86-.LFB86
 888 0020 00000000 		.4byte	.LFB87
 889 0024 18000000 		.4byte	.LFE87-.LFB87
 890 0028 00000000 		.4byte	.LFB88
 891 002c 18000000 		.4byte	.LFE88-.LFB88
 892 0030 00000000 		.4byte	0
 893 0034 00000000 		.4byte	0
 894              		.section	.debug_ranges,"",%progbits
 895              	.Ldebug_ranges0:
 896 0000 00000000 		.4byte	.LFB85
 897 0004 18000000 		.4byte	.LFE85
 898 0008 00000000 		.4byte	.LFB86
 899 000c 18000000 		.4byte	.LFE86
 900 0010 00000000 		.4byte	.LFB87
 901 0014 18000000 		.4byte	.LFE87
 902 0018 00000000 		.4byte	.LFB88
 903 001c 18000000 		.4byte	.LFE88
 904 0020 00000000 		.4byte	0
 905 0024 00000000 		.4byte	0
 906              		.section	.debug_line,"",%progbits
 907              	.Ldebug_line0:
 908 0000 EF010000 		.section	.debug_str,"MS",%progbits,1
 908      02009C01 
 908      00000201 
 908      FB0E0D00 
 908      01010101 
 909              	.LASF9:
 910 0000 6C6F6E67 		.ascii	"long long int\000"
 910      206C6F6E 
 910      6720696E 
 910      7400
ARM GAS  C:\Users\EVGENY~1\AppData\Local\Temp\ccuQipCw.s 			page 18


 911              	.LASF4:
 912 000e 5F5F7569 		.ascii	"__uint8_t\000"
 912      6E74385F 
 912      7400
 913              	.LASF34:
 914 0018 63757374 		.ascii	"custom.c\000"
 914      6F6D2E63 
 914      00
 915              	.LASF5:
 916 0021 5F5F696E 		.ascii	"__int32_t\000"
 916      7433325F 
 916      7400
 917              	.LASF35:
 918 002b 433A5C55 		.ascii	"C:\\Users\\Evgeny Meshcheryakov\\Documents\\metropo"
 918      73657273 
 918      5C457667 
 918      656E7920 
 918      4D657368 
 919 005a 6C69615C 		.ascii	"lia\\tmp\\Zumo\\ZumoBot.cydsn\000"
 919      746D705C 
 919      5A756D6F 
 919      5C5A756D 
 919      6F426F74 
 920              	.LASF13:
 921 0075 696E7433 		.ascii	"int32_t\000"
 921      325F7400 
 922              	.LASF17:
 923 007d 666C6F61 		.ascii	"float\000"
 923      7400
 924              	.LASF23:
 925 0083 64656C61 		.ascii	"delay\000"
 925      7900
 926              	.LASF1:
 927 0089 756E7369 		.ascii	"unsigned char\000"
 927      676E6564 
 927      20636861 
 927      7200
 928              	.LASF33:
 929 0097 474E5520 		.ascii	"GNU C11 5.4.1 20160609 (release) [ARM/embedded-5-br"
 929      43313120 
 929      352E342E 
 929      31203230 
 929      31363036 
 930 00ca 616E6368 		.ascii	"anch revision 237715] -mcpu=cortex-m3 -mthumb -g -O"
 930      20726576 
 930      6973696F 
 930      6E203233 
 930      37373135 
 931 00fd 67202D66 		.ascii	"g -ffunction-sections -ffat-lto-objects\000"
 931      66756E63 
 931      74696F6E 
 931      2D736563 
 931      74696F6E 
 932              	.LASF8:
 933 0125 6C6F6E67 		.ascii	"long unsigned int\000"
 933      20756E73 
 933      69676E65 
ARM GAS  C:\Users\EVGENY~1\AppData\Local\Temp\ccuQipCw.s 			page 19


 933      6420696E 
 933      7400
 934              	.LASF3:
 935 0137 73686F72 		.ascii	"short unsigned int\000"
 935      7420756E 
 935      7369676E 
 935      65642069 
 935      6E7400
 936              	.LASF37:
 937 014a 49544D5F 		.ascii	"ITM_RxBuffer\000"
 937      52784275 
 937      66666572 
 937      00
 938              	.LASF27:
 939 0157 74616E6B 		.ascii	"tankTurn\000"
 939      5475726E 
 939      00
 940              	.LASF18:
 941 0160 646F7562 		.ascii	"double\000"
 941      6C6500
 942              	.LASF20:
 943 0167 6C6F6E67 		.ascii	"long double\000"
 943      20646F75 
 943      626C6500 
 944              	.LASF7:
 945 0173 5F5F7569 		.ascii	"__uint32_t\000"
 945      6E743332 
 945      5F7400
 946              	.LASF16:
 947 017e 75696E74 		.ascii	"uint32\000"
 947      333200
 948              	.LASF11:
 949 0185 756E7369 		.ascii	"unsigned int\000"
 949      676E6564 
 949      20696E74 
 949      00
 950              	.LASF28:
 951 0192 6C5F7370 		.ascii	"l_speed\000"
 951      65656400 
 952              	.LASF10:
 953 019a 6C6F6E67 		.ascii	"long long unsigned int\000"
 953      206C6F6E 
 953      6720756E 
 953      7369676E 
 953      65642069 
 954              	.LASF12:
 955 01b1 75696E74 		.ascii	"uint8_t\000"
 955      385F7400 
 956              	.LASF32:
 957 01b9 5365744D 		.ascii	"SetMotors\000"
 957      6F746F72 
 957      7300
 958              	.LASF24:
 959 01c3 73706565 		.ascii	"speed\000"
 959      6400
 960              	.LASF21:
 961 01c9 73697A65 		.ascii	"sizetype\000"
ARM GAS  C:\Users\EVGENY~1\AppData\Local\Temp\ccuQipCw.s 			page 20


 961      74797065 
 961      00
 962              	.LASF36:
 963 01d2 70726F67 		.ascii	"progEnd\000"
 963      456E6400 
 964              	.LASF30:
 965 01da 42617474 		.ascii	"BatteryLed_Write\000"
 965      6572794C 
 965      65645F57 
 965      72697465 
 965      00
 966              	.LASF19:
 967 01eb 63686172 		.ascii	"char\000"
 967      00
 968              	.LASF2:
 969 01f0 73686F72 		.ascii	"short int\000"
 969      7420696E 
 969      7400
 970              	.LASF15:
 971 01fa 75696E74 		.ascii	"uint8\000"
 971      3800
 972              	.LASF25:
 973 0200 74616E6B 		.ascii	"tankTL\000"
 973      544C00
 974              	.LASF14:
 975 0207 75696E74 		.ascii	"uint32_t\000"
 975      33325F74 
 975      00
 976              	.LASF6:
 977 0210 6C6F6E67 		.ascii	"long int\000"
 977      20696E74 
 977      00
 978              	.LASF31:
 979 0219 76546173 		.ascii	"vTaskDelay\000"
 979      6B44656C 
 979      617900
 980              	.LASF26:
 981 0224 74616E6B 		.ascii	"tankTR\000"
 981      545200
 982              	.LASF0:
 983 022b 7369676E 		.ascii	"signed char\000"
 983      65642063 
 983      68617200 
 984              	.LASF29:
 985 0237 725F7370 		.ascii	"r_speed\000"
 985      65656400 
 986              	.LASF22:
 987 023f 5F426F6F 		.ascii	"_Bool\000"
 987      6C00
 988              		.ident	"GCC: (GNU Tools for ARM Embedded Processors) 5.4.1 20160609 (release) [ARM/embedded-5-bran
