ARM GAS  C:\Users\EVGENY~1\AppData\Local\Temp\ccUBqnHj.s 			page 1


   1              		.syntax unified
   2              		.cpu cortex-m3
   3              		.fpu softvfp
   4              		.eabi_attribute 20, 1
   5              		.eabi_attribute 21, 1
   6              		.eabi_attribute 23, 3
   7              		.eabi_attribute 24, 1
   8              		.eabi_attribute 25, 1
   9              		.eabi_attribute 26, 1
  10              		.eabi_attribute 30, 1
  11              		.eabi_attribute 34, 1
  12              		.eabi_attribute 18, 4
  13              		.thumb
  14              		.syntax unified
  15              		.file	"main.c"
  16              		.text
  17              	.Ltext0:
  18              		.cfi_sections	.debug_frame
  19              		.section	.text.zmain,"ax",%progbits
  20              		.align	2
  21              		.global	zmain
  22              		.thumb
  23              		.thumb_func
  24              		.type	zmain, %function
  25              	zmain:
  26              	.LFB85:
  27              		.file 1 "main.c"
   1:main.c        **** /**
   2:main.c        **** * @mainpage ZumoBot Project
   3:main.c        **** * @brief    You can make your own ZumoBot with various sensors.
   4:main.c        **** * @details  <br><br>
   5:main.c        ****     <p>
   6:main.c        ****     <B>General</B><br>
   7:main.c        ****     You will use Pololu Zumo Shields for your robot project with CY8CKIT-059(PSoC 5LP) from Cypress
   8:main.c        ****     library has basic methods of various sensors and communications so that you can make what you w
   9:main.c        ****     <br><br>
  10:main.c        ****     </p>
  11:main.c        ****     
  12:main.c        ****     <p>
  13:main.c        ****     <B>Sensors</B><br>
  14:main.c        ****     &nbsp;Included: <br>
  15:main.c        ****         &nbsp;&nbsp;&nbsp;&nbsp;LSM303D: Accelerometer & Magnetometer<br>
  16:main.c        ****         &nbsp;&nbsp;&nbsp;&nbsp;L3GD20H: Gyroscope<br>
  17:main.c        ****         &nbsp;&nbsp;&nbsp;&nbsp;Reflectance sensor<br>
  18:main.c        ****         &nbsp;&nbsp;&nbsp;&nbsp;Motors
  19:main.c        ****     &nbsp;Wii nunchuck<br>
  20:main.c        ****     &nbsp;TSOP-2236: IR Receiver<br>
  21:main.c        ****     &nbsp;HC-SR04: Ultrasonic sensor<br>
  22:main.c        ****     &nbsp;APDS-9301: Ambient light sensor<br>
  23:main.c        ****     &nbsp;IR LED <br><br><br>
  24:main.c        ****     </p>
  25:main.c        ****     
  26:main.c        ****     <p>
  27:main.c        ****     <B>Communication</B><br>
  28:main.c        ****     I2C, UART, Serial<br>
  29:main.c        ****     </p>
  30:main.c        **** */
ARM GAS  C:\Users\EVGENY~1\AppData\Local\Temp\ccUBqnHj.s 			page 2


  31:main.c        **** 
  32:main.c        **** #include <project.h>
  33:main.c        **** #include <stdio.h>
  34:main.c        **** #include "FreeRTOS.h"
  35:main.c        **** #include "task.h"
  36:main.c        **** #include "Motor.h"
  37:main.c        **** #include "Ultra.h"
  38:main.c        **** #include "Nunchuk.h"
  39:main.c        **** #include "Reflectance.h"
  40:main.c        **** #include "Gyro.h"
  41:main.c        **** #include "Accel_magnet.h"
  42:main.c        **** #include "LSM303D.h"
  43:main.c        **** #include "IR.h"
  44:main.c        **** #include "Beep.h"
  45:main.c        **** #include "mqtt_sender.h"
  46:main.c        **** #include <time.h>
  47:main.c        **** #include <sys/time.h>
  48:main.c        **** #include "serial1.h"
  49:main.c        **** #include <unistd.h>
  50:main.c        **** #include "evgenii.h"
  51:main.c        **** 
  52:main.c        **** /**
  53:main.c        ****  * @file    main.c
  54:main.c        ****  * @brief   
  55:main.c        ****  * @details  ** Enable global interrupt since Zumo library uses interrupts. **<br>&nbsp;&nbsp;&nbsp
  56:main.c        **** */
  57:main.c        **** 
  58:main.c        **** 
  59:main.c        **** #define PRESSED 0
  60:main.c        **** 
  61:main.c        **** 
  62:main.c        **** 
  63:main.c        **** #if 1
  64:main.c        ****     
  65:main.c        ****     void zmain(void) {
  28              		.loc 1 65 0
  29              		.cfi_startproc
  30              		@ Volatile: function does not return.
  31              		@ args = 0, pretend = 0, frame = 0
  32              		@ frame_needed = 0, uses_anonymous_args = 0
  33 0000 08B5     		push	{r3, lr}
  34              		.cfi_def_cfa_offset 8
  35              		.cfi_offset 3, -8
  36              		.cfi_offset 14, -4
  66:main.c        ****         
  67:main.c        ****     //Test your function here
  68:main.c        ****         
  69:main.c        ****     week3_2();
  37              		.loc 1 69 0
  38 0002 FFF7FEFF 		bl	week3_2
  39              	.LVL0:
  40              	.L2:
  70:main.c        ****     
  71:main.c        ****     while(true) vTaskDelay(100);
  41              		.loc 1 71 0 discriminator 1
  42 0006 6420     		movs	r0, #100
  43 0008 FFF7FEFF 		bl	vTaskDelay
ARM GAS  C:\Users\EVGENY~1\AppData\Local\Temp\ccUBqnHj.s 			page 3


  44              	.LVL1:
  45 000c FBE7     		b	.L2
  46              		.cfi_endproc
  47              	.LFE85:
  48              		.size	zmain, .-zmain
  49 000e 00BF     		.text
  50              	.Letext0:
  51              		.file 2 "c:\\program files (x86)\\cypress\\psoc creator\\4.2\\psoc creator\\import\\gnu\\arm\\5.4.
  52              		.file 3 "c:\\program files (x86)\\cypress\\psoc creator\\4.2\\psoc creator\\import\\gnu\\arm\\5.4.
  53              		.file 4 "..\\FreeRTOS\\Source\\include/task.h"
  54              		.file 5 "Generated_Source\\PSoC5/core_cm3.h"
  55              		.section	.debug_info,"",%progbits
  56              	.Ldebug_info0:
  57 0000 09010000 		.4byte	0x109
  58 0004 0400     		.2byte	0x4
  59 0006 00000000 		.4byte	.Ldebug_abbrev0
  60 000a 04       		.byte	0x4
  61 000b 01       		.uleb128 0x1
  62 000c 43000000 		.4byte	.LASF18
  63 0010 0C       		.byte	0xc
  64 0011 3C000000 		.4byte	.LASF19
  65 0015 5D010000 		.4byte	.LASF20
  66 0019 00000000 		.4byte	.Ldebug_ranges0+0
  67 001d 00000000 		.4byte	0
  68 0021 00000000 		.4byte	.Ldebug_line0
  69 0025 02       		.uleb128 0x2
  70 0026 01       		.byte	0x1
  71 0027 06       		.byte	0x6
  72 0028 33010000 		.4byte	.LASF0
  73 002c 02       		.uleb128 0x2
  74 002d 01       		.byte	0x1
  75 002e 08       		.byte	0x8
  76 002f 2E000000 		.4byte	.LASF1
  77 0033 02       		.uleb128 0x2
  78 0034 02       		.byte	0x2
  79 0035 05       		.byte	0x5
  80 0036 A7010000 		.4byte	.LASF2
  81 003a 02       		.uleb128 0x2
  82 003b 02       		.byte	0x2
  83 003c 07       		.byte	0x7
  84 003d 0E000000 		.4byte	.LASF3
  85 0041 03       		.uleb128 0x3
  86 0042 4B010000 		.4byte	.LASF9
  87 0046 02       		.byte	0x2
  88 0047 3F       		.byte	0x3f
  89 0048 4C000000 		.4byte	0x4c
  90 004c 02       		.uleb128 0x2
  91 004d 04       		.byte	0x4
  92 004e 05       		.byte	0x5
  93 004f 16010000 		.4byte	.LASF4
  94 0053 02       		.uleb128 0x2
  95 0054 04       		.byte	0x4
  96 0055 07       		.byte	0x7
  97 0056 D1000000 		.4byte	.LASF5
  98 005a 02       		.uleb128 0x2
  99 005b 08       		.byte	0x8
 100 005c 05       		.byte	0x5
ARM GAS  C:\Users\EVGENY~1\AppData\Local\Temp\ccUBqnHj.s 			page 4


 101 005d 00000000 		.4byte	.LASF6
 102 0061 02       		.uleb128 0x2
 103 0062 08       		.byte	0x8
 104 0063 07       		.byte	0x7
 105 0064 E3000000 		.4byte	.LASF7
 106 0068 04       		.uleb128 0x4
 107 0069 04       		.byte	0x4
 108 006a 05       		.byte	0x5
 109 006b 696E7400 		.ascii	"int\000"
 110 006f 02       		.uleb128 0x2
 111 0070 04       		.byte	0x4
 112 0071 07       		.byte	0x7
 113 0072 21000000 		.4byte	.LASF8
 114 0076 03       		.uleb128 0x3
 115 0077 B1010000 		.4byte	.LASF10
 116 007b 03       		.byte	0x3
 117 007c 2C       		.byte	0x2c
 118 007d 41000000 		.4byte	0x41
 119 0081 02       		.uleb128 0x2
 120 0082 04       		.byte	0x4
 121 0083 04       		.byte	0x4
 122 0084 FA000000 		.4byte	.LASF11
 123 0088 02       		.uleb128 0x2
 124 0089 08       		.byte	0x8
 125 008a 04       		.byte	0x4
 126 008b 1F010000 		.4byte	.LASF12
 127 008f 02       		.uleb128 0x2
 128 0090 01       		.byte	0x1
 129 0091 08       		.byte	0x8
 130 0092 11010000 		.4byte	.LASF13
 131 0096 02       		.uleb128 0x2
 132 0097 08       		.byte	0x8
 133 0098 04       		.byte	0x4
 134 0099 3F010000 		.4byte	.LASF14
 135 009d 02       		.uleb128 0x2
 136 009e 04       		.byte	0x4
 137 009f 07       		.byte	0x7
 138 00a0 B9010000 		.4byte	.LASF15
 139 00a4 05       		.uleb128 0x5
 140 00a5 00010000 		.4byte	.LASF21
 141 00a9 01       		.byte	0x1
 142 00aa 41       		.byte	0x41
 143 00ab 00000000 		.4byte	.LFB85
 144 00af 0E000000 		.4byte	.LFE85-.LFB85
 145 00b3 01       		.uleb128 0x1
 146 00b4 9C       		.byte	0x9c
 147 00b5 E4000000 		.4byte	0xe4
 148 00b9 06       		.uleb128 0x6
 149 00ba 55010000 		.4byte	.LASF16
 150 00be 01       		.byte	0x1
 151 00bf 45       		.byte	0x45
 152 00c0 68000000 		.4byte	0x68
 153 00c4 CA000000 		.4byte	0xca
 154 00c8 07       		.uleb128 0x7
 155 00c9 00       		.byte	0
 156 00ca 08       		.uleb128 0x8
 157 00cb 06000000 		.4byte	.LVL0
ARM GAS  C:\Users\EVGENY~1\AppData\Local\Temp\ccUBqnHj.s 			page 5


 158 00cf F5000000 		.4byte	0xf5
 159 00d3 09       		.uleb128 0x9
 160 00d4 0C000000 		.4byte	.LVL1
 161 00d8 00010000 		.4byte	0x100
 162 00dc 0A       		.uleb128 0xa
 163 00dd 01       		.uleb128 0x1
 164 00de 50       		.byte	0x50
 165 00df 02       		.uleb128 0x2
 166 00e0 08       		.byte	0x8
 167 00e1 64       		.byte	0x64
 168 00e2 00       		.byte	0
 169 00e3 00       		.byte	0
 170 00e4 0B       		.uleb128 0xb
 171 00e5 26010000 		.4byte	.LASF22
 172 00e9 05       		.byte	0x5
 173 00ea 1207     		.2byte	0x712
 174 00ec F0000000 		.4byte	0xf0
 175 00f0 0C       		.uleb128 0xc
 176 00f1 76000000 		.4byte	0x76
 177 00f5 0D       		.uleb128 0xd
 178 00f6 55010000 		.4byte	.LASF16
 179 00fa 55010000 		.4byte	.LASF16
 180 00fe 01       		.byte	0x1
 181 00ff 45       		.byte	0x45
 182 0100 0E       		.uleb128 0xe
 183 0101 06010000 		.4byte	.LASF17
 184 0105 06010000 		.4byte	.LASF17
 185 0109 04       		.byte	0x4
 186 010a ED02     		.2byte	0x2ed
 187 010c 00       		.byte	0
 188              		.section	.debug_abbrev,"",%progbits
 189              	.Ldebug_abbrev0:
 190 0000 01       		.uleb128 0x1
 191 0001 11       		.uleb128 0x11
 192 0002 01       		.byte	0x1
 193 0003 25       		.uleb128 0x25
 194 0004 0E       		.uleb128 0xe
 195 0005 13       		.uleb128 0x13
 196 0006 0B       		.uleb128 0xb
 197 0007 03       		.uleb128 0x3
 198 0008 0E       		.uleb128 0xe
 199 0009 1B       		.uleb128 0x1b
 200 000a 0E       		.uleb128 0xe
 201 000b 55       		.uleb128 0x55
 202 000c 17       		.uleb128 0x17
 203 000d 11       		.uleb128 0x11
 204 000e 01       		.uleb128 0x1
 205 000f 10       		.uleb128 0x10
 206 0010 17       		.uleb128 0x17
 207 0011 00       		.byte	0
 208 0012 00       		.byte	0
 209 0013 02       		.uleb128 0x2
 210 0014 24       		.uleb128 0x24
 211 0015 00       		.byte	0
 212 0016 0B       		.uleb128 0xb
 213 0017 0B       		.uleb128 0xb
 214 0018 3E       		.uleb128 0x3e
ARM GAS  C:\Users\EVGENY~1\AppData\Local\Temp\ccUBqnHj.s 			page 6


 215 0019 0B       		.uleb128 0xb
 216 001a 03       		.uleb128 0x3
 217 001b 0E       		.uleb128 0xe
 218 001c 00       		.byte	0
 219 001d 00       		.byte	0
 220 001e 03       		.uleb128 0x3
 221 001f 16       		.uleb128 0x16
 222 0020 00       		.byte	0
 223 0021 03       		.uleb128 0x3
 224 0022 0E       		.uleb128 0xe
 225 0023 3A       		.uleb128 0x3a
 226 0024 0B       		.uleb128 0xb
 227 0025 3B       		.uleb128 0x3b
 228 0026 0B       		.uleb128 0xb
 229 0027 49       		.uleb128 0x49
 230 0028 13       		.uleb128 0x13
 231 0029 00       		.byte	0
 232 002a 00       		.byte	0
 233 002b 04       		.uleb128 0x4
 234 002c 24       		.uleb128 0x24
 235 002d 00       		.byte	0
 236 002e 0B       		.uleb128 0xb
 237 002f 0B       		.uleb128 0xb
 238 0030 3E       		.uleb128 0x3e
 239 0031 0B       		.uleb128 0xb
 240 0032 03       		.uleb128 0x3
 241 0033 08       		.uleb128 0x8
 242 0034 00       		.byte	0
 243 0035 00       		.byte	0
 244 0036 05       		.uleb128 0x5
 245 0037 2E       		.uleb128 0x2e
 246 0038 01       		.byte	0x1
 247 0039 3F       		.uleb128 0x3f
 248 003a 19       		.uleb128 0x19
 249 003b 03       		.uleb128 0x3
 250 003c 0E       		.uleb128 0xe
 251 003d 3A       		.uleb128 0x3a
 252 003e 0B       		.uleb128 0xb
 253 003f 3B       		.uleb128 0x3b
 254 0040 0B       		.uleb128 0xb
 255 0041 27       		.uleb128 0x27
 256 0042 19       		.uleb128 0x19
 257 0043 8701     		.uleb128 0x87
 258 0045 19       		.uleb128 0x19
 259 0046 11       		.uleb128 0x11
 260 0047 01       		.uleb128 0x1
 261 0048 12       		.uleb128 0x12
 262 0049 06       		.uleb128 0x6
 263 004a 40       		.uleb128 0x40
 264 004b 18       		.uleb128 0x18
 265 004c 9742     		.uleb128 0x2117
 266 004e 19       		.uleb128 0x19
 267 004f 01       		.uleb128 0x1
 268 0050 13       		.uleb128 0x13
 269 0051 00       		.byte	0
 270 0052 00       		.byte	0
 271 0053 06       		.uleb128 0x6
ARM GAS  C:\Users\EVGENY~1\AppData\Local\Temp\ccUBqnHj.s 			page 7


 272 0054 2E       		.uleb128 0x2e
 273 0055 01       		.byte	0x1
 274 0056 3F       		.uleb128 0x3f
 275 0057 19       		.uleb128 0x19
 276 0058 03       		.uleb128 0x3
 277 0059 0E       		.uleb128 0xe
 278 005a 3A       		.uleb128 0x3a
 279 005b 0B       		.uleb128 0xb
 280 005c 3B       		.uleb128 0x3b
 281 005d 0B       		.uleb128 0xb
 282 005e 49       		.uleb128 0x49
 283 005f 13       		.uleb128 0x13
 284 0060 3C       		.uleb128 0x3c
 285 0061 19       		.uleb128 0x19
 286 0062 01       		.uleb128 0x1
 287 0063 13       		.uleb128 0x13
 288 0064 00       		.byte	0
 289 0065 00       		.byte	0
 290 0066 07       		.uleb128 0x7
 291 0067 18       		.uleb128 0x18
 292 0068 00       		.byte	0
 293 0069 00       		.byte	0
 294 006a 00       		.byte	0
 295 006b 08       		.uleb128 0x8
 296 006c 898201   		.uleb128 0x4109
 297 006f 00       		.byte	0
 298 0070 11       		.uleb128 0x11
 299 0071 01       		.uleb128 0x1
 300 0072 31       		.uleb128 0x31
 301 0073 13       		.uleb128 0x13
 302 0074 00       		.byte	0
 303 0075 00       		.byte	0
 304 0076 09       		.uleb128 0x9
 305 0077 898201   		.uleb128 0x4109
 306 007a 01       		.byte	0x1
 307 007b 11       		.uleb128 0x11
 308 007c 01       		.uleb128 0x1
 309 007d 31       		.uleb128 0x31
 310 007e 13       		.uleb128 0x13
 311 007f 00       		.byte	0
 312 0080 00       		.byte	0
 313 0081 0A       		.uleb128 0xa
 314 0082 8A8201   		.uleb128 0x410a
 315 0085 00       		.byte	0
 316 0086 02       		.uleb128 0x2
 317 0087 18       		.uleb128 0x18
 318 0088 9142     		.uleb128 0x2111
 319 008a 18       		.uleb128 0x18
 320 008b 00       		.byte	0
 321 008c 00       		.byte	0
 322 008d 0B       		.uleb128 0xb
 323 008e 34       		.uleb128 0x34
 324 008f 00       		.byte	0
 325 0090 03       		.uleb128 0x3
 326 0091 0E       		.uleb128 0xe
 327 0092 3A       		.uleb128 0x3a
 328 0093 0B       		.uleb128 0xb
ARM GAS  C:\Users\EVGENY~1\AppData\Local\Temp\ccUBqnHj.s 			page 8


 329 0094 3B       		.uleb128 0x3b
 330 0095 05       		.uleb128 0x5
 331 0096 49       		.uleb128 0x49
 332 0097 13       		.uleb128 0x13
 333 0098 3F       		.uleb128 0x3f
 334 0099 19       		.uleb128 0x19
 335 009a 3C       		.uleb128 0x3c
 336 009b 19       		.uleb128 0x19
 337 009c 00       		.byte	0
 338 009d 00       		.byte	0
 339 009e 0C       		.uleb128 0xc
 340 009f 35       		.uleb128 0x35
 341 00a0 00       		.byte	0
 342 00a1 49       		.uleb128 0x49
 343 00a2 13       		.uleb128 0x13
 344 00a3 00       		.byte	0
 345 00a4 00       		.byte	0
 346 00a5 0D       		.uleb128 0xd
 347 00a6 2E       		.uleb128 0x2e
 348 00a7 00       		.byte	0
 349 00a8 3F       		.uleb128 0x3f
 350 00a9 19       		.uleb128 0x19
 351 00aa 3C       		.uleb128 0x3c
 352 00ab 19       		.uleb128 0x19
 353 00ac 6E       		.uleb128 0x6e
 354 00ad 0E       		.uleb128 0xe
 355 00ae 03       		.uleb128 0x3
 356 00af 0E       		.uleb128 0xe
 357 00b0 3A       		.uleb128 0x3a
 358 00b1 0B       		.uleb128 0xb
 359 00b2 3B       		.uleb128 0x3b
 360 00b3 0B       		.uleb128 0xb
 361 00b4 00       		.byte	0
 362 00b5 00       		.byte	0
 363 00b6 0E       		.uleb128 0xe
 364 00b7 2E       		.uleb128 0x2e
 365 00b8 00       		.byte	0
 366 00b9 3F       		.uleb128 0x3f
 367 00ba 19       		.uleb128 0x19
 368 00bb 3C       		.uleb128 0x3c
 369 00bc 19       		.uleb128 0x19
 370 00bd 6E       		.uleb128 0x6e
 371 00be 0E       		.uleb128 0xe
 372 00bf 03       		.uleb128 0x3
 373 00c0 0E       		.uleb128 0xe
 374 00c1 3A       		.uleb128 0x3a
 375 00c2 0B       		.uleb128 0xb
 376 00c3 3B       		.uleb128 0x3b
 377 00c4 05       		.uleb128 0x5
 378 00c5 00       		.byte	0
 379 00c6 00       		.byte	0
 380 00c7 00       		.byte	0
 381              		.section	.debug_aranges,"",%progbits
 382 0000 1C000000 		.4byte	0x1c
 383 0004 0200     		.2byte	0x2
 384 0006 00000000 		.4byte	.Ldebug_info0
 385 000a 04       		.byte	0x4
ARM GAS  C:\Users\EVGENY~1\AppData\Local\Temp\ccUBqnHj.s 			page 9


 386 000b 00       		.byte	0
 387 000c 0000     		.2byte	0
 388 000e 0000     		.2byte	0
 389 0010 00000000 		.4byte	.LFB85
 390 0014 0E000000 		.4byte	.LFE85-.LFB85
 391 0018 00000000 		.4byte	0
 392 001c 00000000 		.4byte	0
 393              		.section	.debug_ranges,"",%progbits
 394              	.Ldebug_ranges0:
 395 0000 00000000 		.4byte	.LFB85
 396 0004 0E000000 		.4byte	.LFE85
 397 0008 00000000 		.4byte	0
 398 000c 00000000 		.4byte	0
 399              		.section	.debug_line,"",%progbits
 400              	.Ldebug_line0:
 401 0000 80010000 		.section	.debug_str,"MS",%progbits,1
 401      02006401 
 401      00000201 
 401      FB0E0D00 
 401      01010101 
 402              	.LASF6:
 403 0000 6C6F6E67 		.ascii	"long long int\000"
 403      206C6F6E 
 403      6720696E 
 403      7400
 404              	.LASF3:
 405 000e 73686F72 		.ascii	"short unsigned int\000"
 405      7420756E 
 405      7369676E 
 405      65642069 
 405      6E7400
 406              	.LASF8:
 407 0021 756E7369 		.ascii	"unsigned int\000"
 407      676E6564 
 407      20696E74 
 407      00
 408              	.LASF1:
 409 002e 756E7369 		.ascii	"unsigned char\000"
 409      676E6564 
 409      20636861 
 409      7200
 410              	.LASF19:
 411 003c 6D61696E 		.ascii	"main.c\000"
 411      2E6300
 412              	.LASF18:
 413 0043 474E5520 		.ascii	"GNU C11 5.4.1 20160609 (release) [ARM/embedded-5-br"
 413      43313120 
 413      352E342E 
 413      31203230 
 413      31363036 
 414 0076 616E6368 		.ascii	"anch revision 237715] -mcpu=cortex-m3 -mthumb -g -O"
 414      20726576 
 414      6973696F 
 414      6E203233 
 414      37373135 
 415 00a9 67202D66 		.ascii	"g -ffunction-sections -ffat-lto-objects\000"
 415      66756E63 
ARM GAS  C:\Users\EVGENY~1\AppData\Local\Temp\ccUBqnHj.s 			page 10


 415      74696F6E 
 415      2D736563 
 415      74696F6E 
 416              	.LASF5:
 417 00d1 6C6F6E67 		.ascii	"long unsigned int\000"
 417      20756E73 
 417      69676E65 
 417      6420696E 
 417      7400
 418              	.LASF7:
 419 00e3 6C6F6E67 		.ascii	"long long unsigned int\000"
 419      206C6F6E 
 419      6720756E 
 419      7369676E 
 419      65642069 
 420              	.LASF11:
 421 00fa 666C6F61 		.ascii	"float\000"
 421      7400
 422              	.LASF21:
 423 0100 7A6D6169 		.ascii	"zmain\000"
 423      6E00
 424              	.LASF17:
 425 0106 76546173 		.ascii	"vTaskDelay\000"
 425      6B44656C 
 425      617900
 426              	.LASF13:
 427 0111 63686172 		.ascii	"char\000"
 427      00
 428              	.LASF4:
 429 0116 6C6F6E67 		.ascii	"long int\000"
 429      20696E74 
 429      00
 430              	.LASF12:
 431 011f 646F7562 		.ascii	"double\000"
 431      6C6500
 432              	.LASF22:
 433 0126 49544D5F 		.ascii	"ITM_RxBuffer\000"
 433      52784275 
 433      66666572 
 433      00
 434              	.LASF0:
 435 0133 7369676E 		.ascii	"signed char\000"
 435      65642063 
 435      68617200 
 436              	.LASF14:
 437 013f 6C6F6E67 		.ascii	"long double\000"
 437      20646F75 
 437      626C6500 
 438              	.LASF9:
 439 014b 5F5F696E 		.ascii	"__int32_t\000"
 439      7433325F 
 439      7400
 440              	.LASF16:
 441 0155 7765656B 		.ascii	"week3_2\000"
 441      335F3200 
 442              	.LASF20:
 443 015d 433A5C55 		.ascii	"C:\\Users\\Evgeny Meshcheryakov\\Documents\\metropo"
ARM GAS  C:\Users\EVGENY~1\AppData\Local\Temp\ccUBqnHj.s 			page 11


 443      73657273 
 443      5C457667 
 443      656E7920 
 443      4D657368 
 444 018c 6C69615C 		.ascii	"lia\\tmp\\Zumo\\ZumoBot.cydsn\000"
 444      746D705C 
 444      5A756D6F 
 444      5C5A756D 
 444      6F426F74 
 445              	.LASF2:
 446 01a7 73686F72 		.ascii	"short int\000"
 446      7420696E 
 446      7400
 447              	.LASF10:
 448 01b1 696E7433 		.ascii	"int32_t\000"
 448      325F7400 
 449              	.LASF15:
 450 01b9 73697A65 		.ascii	"sizetype\000"
 450      74797065 
 450      00
 451              		.ident	"GCC: (GNU Tools for ARM Embedded Processors) 5.4.1 20160609 (release) [ARM/embedded-5-bran
