<<<<<<< HEAD
ARM GAS  C:\Users\EVGENY~1\AppData\Local\Temp\ccdQKwDh.s 			page 1
=======
ARM GAS  C:\Users\DBY\AppData\Local\Temp\ccC8gsCD.s 			page 1
>>>>>>> 5545ee15a92f301904d450da1831bbc60a179425


   1              		.syntax unified
   2              		.cpu cortex-m3
   3              		.fpu softvfp
   4              		.eabi_attribute 20, 1
   5              		.eabi_attribute 21, 1
   6              		.eabi_attribute 23, 3
   7              		.eabi_attribute 24, 1
   8              		.eabi_attribute 25, 1
   9              		.eabi_attribute 26, 1
  10              		.eabi_attribute 30, 1
  11              		.eabi_attribute 34, 1
  12              		.eabi_attribute 18, 4
  13              		.thumb
  14              		.syntax unified
  15              		.file	"Retarget.c"
  16              		.text
  17              	.Ltext0:
  18              		.cfi_sections	.debug_frame
  19              	.Letext0:
  20              		.section	.debug_line,"",%progbits
  21              	.Ldebug_line0:
  22              		.section	.debug_str,"MS",%progbits,1
  23              	.LASF0:
<<<<<<< HEAD
  24 0000 433A5C55 		.ascii	"C:\\Users\\Evgeny Meshcheryakov\\Documents\\metropo"
  24      73657273 
  24      5C457667 
  24      656E7920 
  24      4D657368 
  25 002f 6C69615C 		.ascii	"lia\\tmp\\Zumo\\ZumoBot\\ZumoBot.cydsn\000"
  25      746D705C 
  25      5A756D6F 
  25      5C5A756D 
  25      6F426F74 
  26              	.LASF1:
  27 0052 474E5520 		.ascii	"GNU C11 5.4.1 20160609 (release) [ARM/embedded-5-br"
  27      43313120 
  27      352E342E 
  27      31203230 
  27      31363036 
  28 0085 616E6368 		.ascii	"anch revision 237715] -mcpu=cortex-m3 -mthumb -g -O"
  28      20726576 
  28      6973696F 
  28      6E203233 
  28      37373135 
  29 00b8 67202D66 		.ascii	"g -ffunction-sections -ffat-lto-objects\000"
  29      66756E63 
  29      74696F6E 
  29      2D736563 
  29      74696F6E 
  30              	.LASF2:
  31 00e0 5A756D6F 		.ascii	"ZumoLibrary\\Retarget.c\000"
  31      4C696272 
  31      6172795C 
  31      52657461 
  31      72676574 
=======
  24 0000 474E5520 		.ascii	"GNU C11 5.4.1 20160609 (release) [ARM/embedded-5-br"
  24      43313120 
  24      352E342E 
  24      31203230 
  24      31363036 
  25 0033 616E6368 		.ascii	"anch revision 237715] -mcpu=cortex-m3 -mthumb -g -O"
  25      20726576 
  25      6973696F 
  25      6E203233 
  25      37373135 
  26 0066 67202D66 		.ascii	"g -ffunction-sections -ffat-lto-objects\000"
  26      66756E63 
  26      74696F6E 
  26      2D736563 
  26      74696F6E 
  27              	.LASF1:
  28 008e 5A756D6F 		.ascii	"ZumoLibrary\\Retarget.c\000"
  28      4C696272 
  28      6172795C 
  28      52657461 
  28      72676574 
  29              	.LASF2:
  30 00a5 433A5C55 		.ascii	"C:\\Users\\DBY\\Documents\\group6\\ZumoBot\\ZumoBot"
  30      73657273 
  30      5C444259 
  30      5C446F63 
  30      756D656E 
  31 00d2 2E637964 		.ascii	".cydsn\000"
  31      736E00
>>>>>>> 5545ee15a92f301904d450da1831bbc60a179425
  32              		.ident	"GCC: (GNU Tools for ARM Embedded Processors) 5.4.1 20160609 (release) [ARM/embedded-5-bran
