<<<<<<< HEAD
ARM GAS  C:\Users\EVGENY~1\AppData\Local\Temp\ccurWwpi.s 			page 1
=======
ARM GAS  C:\Users\DBY\AppData\Local\Temp\ccKewnVw.s 			page 1
>>>>>>> 5545ee15a92f301904d450da1831bbc60a179425


   1              		.syntax unified
   2              		.cpu cortex-m3
   3              		.fpu softvfp
   4              		.eabi_attribute 20, 1
   5              		.eabi_attribute 21, 1
   6              		.eabi_attribute 23, 3
   7              		.eabi_attribute 24, 1
   8              		.eabi_attribute 25, 1
   9              		.eabi_attribute 26, 1
  10              		.eabi_attribute 30, 1
  11              		.eabi_attribute 34, 1
  12              		.eabi_attribute 18, 4
  13              		.thumb
  14              		.syntax unified
  15              		.file	"Ultra.c"
  16              		.text
  17              	.Ltext0:
  18              		.cfi_sections	.debug_frame
  19              	.Letext0:
  20              		.section	.debug_line,"",%progbits
  21              	.Ldebug_line0:
  22              		.section	.debug_str,"MS",%progbits,1
  23              	.LASF0:
<<<<<<< HEAD
  24 0000 433A5C55 		.ascii	"C:\\Users\\Evgeny Meshcheryakov\\Documents\\metropo"
  24      73657273 
  24      5C457667 
  24      656E7920 
  24      4D657368 
  25 002f 6C69615C 		.ascii	"lia\\tmp\\Zumo\\ZumoBot\\ZumoBot.cydsn\000"
  25      746D705C 
  25      5A756D6F 
  25      5C5A756D 
  25      6F426F74 
  26              	.LASF1:
  27 0052 5A756D6F 		.ascii	"ZumoLibrary\\Ultra.c\000"
  27      4C696272 
  27      6172795C 
  27      556C7472 
  27      612E6300 
  28              	.LASF2:
  29 0066 474E5520 		.ascii	"GNU C11 5.4.1 20160609 (release) [ARM/embedded-5-br"
  29      43313120 
  29      352E342E 
  29      31203230 
  29      31363036 
  30 0099 616E6368 		.ascii	"anch revision 237715] -mcpu=cortex-m3 -mthumb -g -O"
  30      20726576 
  30      6973696F 
  30      6E203233 
  30      37373135 
  31 00cc 67202D66 		.ascii	"g -ffunction-sections -ffat-lto-objects\000"
  31      66756E63 
  31      74696F6E 
  31      2D736563 
  31      74696F6E 
=======
  24 0000 5A756D6F 		.ascii	"ZumoLibrary\\Ultra.c\000"
  24      4C696272 
  24      6172795C 
  24      556C7472 
  24      612E6300 
  25              	.LASF1:
  26 0014 474E5520 		.ascii	"GNU C11 5.4.1 20160609 (release) [ARM/embedded-5-br"
  26      43313120 
  26      352E342E 
  26      31203230 
  26      31363036 
  27 0047 616E6368 		.ascii	"anch revision 237715] -mcpu=cortex-m3 -mthumb -g -O"
  27      20726576 
  27      6973696F 
  27      6E203233 
  27      37373135 
  28 007a 67202D66 		.ascii	"g -ffunction-sections -ffat-lto-objects\000"
  28      66756E63 
  28      74696F6E 
  28      2D736563 
  28      74696F6E 
  29              	.LASF2:
  30 00a2 433A5C55 		.ascii	"C:\\Users\\DBY\\Documents\\group6\\ZumoBot\\ZumoBot"
  30      73657273 
  30      5C444259 
  30      5C446F63 
  30      756D656E 
  31 00cf 2E637964 		.ascii	".cydsn\000"
  31      736E00
>>>>>>> 5545ee15a92f301904d450da1831bbc60a179425
  32              		.ident	"GCC: (GNU Tools for ARM Embedded Processors) 5.4.1 20160609 (release) [ARM/embedded-5-bran
